2015-05-01 02:01:38 Debug: Notice (8): Undefined variable: module_title in [C:\xampp\htdocs\vivelle-wesley\app\View\Layouts\default.ctp, line 62]
Trace:
include - APP\View\Layouts\default.ctp, line 62
View::_evaluate() - CORE\Cake\View\View.php, line 929
View::_render() - CORE\Cake\View\View.php, line 891
View::renderLayout() - CORE\Cake\View\View.php, line 523
View::render() - CORE\Cake\View\View.php, line 468
Controller::render() - CORE\Cake\Controller\Controller.php, line 952
ExceptionRenderer::_outputMessage() - CORE\Cake\Error\ExceptionRenderer.php, line 273
ExceptionRenderer::error400() - CORE\Cake\Error\ExceptionRenderer.php, line 219
ExceptionRenderer::render() - CORE\Cake\Error\ExceptionRenderer.php, line 175
ErrorHandler::handleException() - CORE\Cake\Error\ErrorHandler.php, line 120
[main] - [internal], line ??

2015-05-01 02:01:38 Debug: Notice (8): Undefined variable: module_title in [C:\xampp\htdocs\vivelle-wesley\app\View\Layouts\default.ctp, line 62]
Trace:
include - APP\View\Layouts\default.ctp, line 62
View::_evaluate() - CORE\Cake\View\View.php, line 929
View::_render() - CORE\Cake\View\View.php, line 891
View::renderLayout() - CORE\Cake\View\View.php, line 523
View::render() - CORE\Cake\View\View.php, line 468
Controller::render() - CORE\Cake\Controller\Controller.php, line 952
ExceptionRenderer::_outputMessage() - CORE\Cake\Error\ExceptionRenderer.php, line 273
ExceptionRenderer::error400() - CORE\Cake\Error\ExceptionRenderer.php, line 219
ExceptionRenderer::render() - CORE\Cake\Error\ExceptionRenderer.php, line 175
ErrorHandler::handleException() - CORE\Cake\Error\ErrorHandler.php, line 120
[main] - [internal], line ??

2015-05-01 02:02:06 Debug: Notice (8): Undefined variable: module_title in [C:\xampp\htdocs\vivelle-wesley\app\View\Layouts\default.ctp, line 62]
Trace:
include - APP\View\Layouts\default.ctp, line 62
View::_evaluate() - CORE\Cake\View\View.php, line 929
View::_render() - CORE\Cake\View\View.php, line 891
View::renderLayout() - CORE\Cake\View\View.php, line 523
View::render() - CORE\Cake\View\View.php, line 468
Controller::render() - CORE\Cake\Controller\Controller.php, line 952
ExceptionRenderer::_outputMessage() - CORE\Cake\Error\ExceptionRenderer.php, line 273
ExceptionRenderer::error400() - CORE\Cake\Error\ExceptionRenderer.php, line 219
ExceptionRenderer::render() - CORE\Cake\Error\ExceptionRenderer.php, line 175
ErrorHandler::handleException() - CORE\Cake\Error\ErrorHandler.php, line 120
[main] - [internal], line ??

2015-05-01 02:02:06 Debug: Notice (8): Undefined variable: module_title in [C:\xampp\htdocs\vivelle-wesley\app\View\Layouts\default.ctp, line 62]
Trace:
include - APP\View\Layouts\default.ctp, line 62
View::_evaluate() - CORE\Cake\View\View.php, line 929
View::_render() - CORE\Cake\View\View.php, line 891
View::renderLayout() - CORE\Cake\View\View.php, line 523
View::render() - CORE\Cake\View\View.php, line 468
Controller::render() - CORE\Cake\Controller\Controller.php, line 952
ExceptionRenderer::_outputMessage() - CORE\Cake\Error\ExceptionRenderer.php, line 273
ExceptionRenderer::error400() - CORE\Cake\Error\ExceptionRenderer.php, line 219
ExceptionRenderer::render() - CORE\Cake\Error\ExceptionRenderer.php, line 175
ErrorHandler::handleException() - CORE\Cake\Error\ErrorHandler.php, line 120
[main] - [internal], line ??

2015-05-01 02:03:19 Debug: Notice (8): Undefined variable: module_title in [C:\xampp\htdocs\vivelle-wesley\app\View\Layouts\default.ctp, line 62]
Trace:
include - APP\View\Layouts\default.ctp, line 62
View::_evaluate() - CORE\Cake\View\View.php, line 929
View::_render() - CORE\Cake\View\View.php, line 891
View::renderLayout() - CORE\Cake\View\View.php, line 523
View::render() - CORE\Cake\View\View.php, line 468
Controller::render() - CORE\Cake\Controller\Controller.php, line 952
ExceptionRenderer::_outputMessage() - CORE\Cake\Error\ExceptionRenderer.php, line 273
ExceptionRenderer::error400() - CORE\Cake\Error\ExceptionRenderer.php, line 219
ExceptionRenderer::render() - CORE\Cake\Error\ExceptionRenderer.php, line 175
ErrorHandler::handleException() - CORE\Cake\Error\ErrorHandler.php, line 120
[main] - [internal], line ??

2015-05-01 02:03:19 Debug: Notice (8): Undefined variable: module_title in [C:\xampp\htdocs\vivelle-wesley\app\View\Layouts\default.ctp, line 62]
Trace:
include - APP\View\Layouts\default.ctp, line 62
View::_evaluate() - CORE\Cake\View\View.php, line 929
View::_render() - CORE\Cake\View\View.php, line 891
View::renderLayout() - CORE\Cake\View\View.php, line 523
View::render() - CORE\Cake\View\View.php, line 468
Controller::render() - CORE\Cake\Controller\Controller.php, line 952
ExceptionRenderer::_outputMessage() - CORE\Cake\Error\ExceptionRenderer.php, line 273
ExceptionRenderer::error400() - CORE\Cake\Error\ExceptionRenderer.php, line 219
ExceptionRenderer::render() - CORE\Cake\Error\ExceptionRenderer.php, line 175
ErrorHandler::handleException() - CORE\Cake\Error\ErrorHandler.php, line 120
[main] - [internal], line ??

2015-05-01 02:03:24 Debug: Notice (8): Undefined variable: auth_id in [C:\xampp\htdocs\vivelle-wesley\app\View\Elements\header.ctp, line 40]
Trace:
include - APP\View\Elements\header.ctp, line 40
View::_evaluate() - CORE\Cake\View\View.php, line 929
View::_render() - CORE\Cake\View\View.php, line 891
View::_renderElement() - CORE\Cake\View\View.php, line 1189
View::element() - CORE\Cake\View\View.php, line 406
include - APP\View\Layouts\default.ctp, line 44
View::_evaluate() - CORE\Cake\View\View.php, line 929
View::_render() - CORE\Cake\View\View.php, line 891
View::renderLayout() - CORE\Cake\View\View.php, line 523
View::render() - CORE\Cake\View\View.php, line 468
Controller::render() - CORE\Cake\Controller\Controller.php, line 952
ExceptionRenderer::_outputMessage() - CORE\Cake\Error\ExceptionRenderer.php, line 273
ExceptionRenderer::error500() - CORE\Cake\Error\ExceptionRenderer.php, line 242
ExceptionRenderer::render() - CORE\Cake\Error\ExceptionRenderer.php, line 175
ErrorHandler::handleException() - CORE\Cake\Error\ErrorHandler.php, line 120
[main] - [internal], line ??

2015-05-01 02:03:24 Debug: Notice (8): Undefined variable: auth_picture in [C:\xampp\htdocs\vivelle-wesley\app\View\Elements\leftpanel.ctp, line 4]
Trace:
include - APP\View\Elements\leftpanel.ctp, line 4
View::_evaluate() - CORE\Cake\View\View.php, line 929
View::_render() - CORE\Cake\View\View.php, line 891
View::_renderElement() - CORE\Cake\View\View.php, line 1189
View::element() - CORE\Cake\View\View.php, line 406
include - APP\View\Layouts\default.ctp, line 48
View::_evaluate() - CORE\Cake\View\View.php, line 929
View::_render() - CORE\Cake\View\View.php, line 891
View::renderLayout() - CORE\Cake\View\View.php, line 523
View::render() - CORE\Cake\View\View.php, line 468
Controller::render() - CORE\Cake\Controller\Controller.php, line 952
ExceptionRenderer::_outputMessage() - CORE\Cake\Error\ExceptionRenderer.php, line 273
ExceptionRenderer::error500() - CORE\Cake\Error\ExceptionRenderer.php, line 242
ExceptionRenderer::render() - CORE\Cake\Error\ExceptionRenderer.php, line 175
ErrorHandler::handleException() - CORE\Cake\Error\ErrorHandler.php, line 120
[main] - [internal], line ??

2015-05-01 02:03:24 Debug: Notice (8): Undefined variable: auth_display_name in [C:\xampp\htdocs\vivelle-wesley\app\View\Elements\leftpanel.ctp, line 7]
Trace:
include - APP\View\Elements\leftpanel.ctp, line 7
View::_evaluate() - CORE\Cake\View\View.php, line 929
View::_render() - CORE\Cake\View\View.php, line 891
View::_renderElement() - CORE\Cake\View\View.php, line 1189
View::element() - CORE\Cake\View\View.php, line 406
include - APP\View\Layouts\default.ctp, line 48
View::_evaluate() - CORE\Cake\View\View.php, line 929
View::_render() - CORE\Cake\View\View.php, line 891
View::renderLayout() - CORE\Cake\View\View.php, line 523
View::render() - CORE\Cake\View\View.php, line 468
Controller::render() - CORE\Cake\Controller\Controller.php, line 952
ExceptionRenderer::_outputMessage() - CORE\Cake\Error\ExceptionRenderer.php, line 273
ExceptionRenderer::error500() - CORE\Cake\Error\ExceptionRenderer.php, line 242
ExceptionRenderer::render() - CORE\Cake\Error\ExceptionRenderer.php, line 175
ErrorHandler::handleException() - CORE\Cake\Error\ErrorHandler.php, line 120
[main] - [internal], line ??

2015-05-01 02:03:24 Debug: Notice (8): Undefined variable: auth_role in [C:\xampp\htdocs\vivelle-wesley\app\View\Elements\leftpanel.ctp, line 8]
Trace:
include - APP\View\Elements\leftpanel.ctp, line 8
View::_evaluate() - CORE\Cake\View\View.php, line 929
View::_render() - CORE\Cake\View\View.php, line 891
View::_renderElement() - CORE\Cake\View\View.php, line 1189
View::element() - CORE\Cake\View\View.php, line 406
include - APP\View\Layouts\default.ctp, line 48
View::_evaluate() - CORE\Cake\View\View.php, line 929
View::_render() - CORE\Cake\View\View.php, line 891
View::renderLayout() - CORE\Cake\View\View.php, line 523
View::render() - CORE\Cake\View\View.php, line 468
Controller::render() - CORE\Cake\Controller\Controller.php, line 952
ExceptionRenderer::_outputMessage() - CORE\Cake\Error\ExceptionRenderer.php, line 273
ExceptionRenderer::error500() - CORE\Cake\Error\ExceptionRenderer.php, line 242
ExceptionRenderer::render() - CORE\Cake\Error\ExceptionRenderer.php, line 175
ErrorHandler::handleException() - CORE\Cake\Error\ErrorHandler.php, line 120
[main] - [internal], line ??

2015-05-01 02:03:24 Debug: Notice (8): Undefined variable: var_controller in [C:\xampp\htdocs\vivelle-wesley\app\View\Elements\leftpanel.ctp, line 62]
Trace:
include - APP\View\Elements\leftpanel.ctp, line 62
View::_evaluate() - CORE\Cake\View\View.php, line 929
View::_render() - CORE\Cake\View\View.php, line 891
View::_renderElement() - CORE\Cake\View\View.php, line 1189
View::element() - CORE\Cake\View\View.php, line 406
include - APP\View\Layouts\default.ctp, line 48
View::_evaluate() - CORE\Cake\View\View.php, line 929
View::_render() - CORE\Cake\View\View.php, line 891
View::renderLayout() - CORE\Cake\View\View.php, line 523
View::render() - CORE\Cake\View\View.php, line 468
Controller::render() - CORE\Cake\Controller\Controller.php, line 952
ExceptionRenderer::_outputMessage() - CORE\Cake\Error\ExceptionRenderer.php, line 273
ExceptionRenderer::error500() - CORE\Cake\Error\ExceptionRenderer.php, line 242
ExceptionRenderer::render() - CORE\Cake\Error\ExceptionRenderer.php, line 175
ErrorHandler::handleException() - CORE\Cake\Error\ErrorHandler.php, line 120
[main] - [internal], line ??

2015-05-01 02:03:24 Debug: Notice (8): Undefined variable: var_controller in [C:\xampp\htdocs\vivelle-wesley\app\View\Elements\leftpanel.ctp, line 64]
Trace:
include - APP\View\Elements\leftpanel.ctp, line 64
View::_evaluate() - CORE\Cake\View\View.php, line 929
View::_render() - CORE\Cake\View\View.php, line 891
View::_renderElement() - CORE\Cake\View\View.php, line 1189
View::element() - CORE\Cake\View\View.php, line 406
include - APP\View\Layouts\default.ctp, line 48
View::_evaluate() - CORE\Cake\View\View.php, line 929
View::_render() - CORE\Cake\View\View.php, line 891
View::renderLayout() - CORE\Cake\View\View.php, line 523
View::render() - CORE\Cake\View\View.php, line 468
Controller::render() - CORE\Cake\Controller\Controller.php, line 952
ExceptionRenderer::_outputMessage() - CORE\Cake\Error\ExceptionRenderer.php, line 273
ExceptionRenderer::error500() - CORE\Cake\Error\ExceptionRenderer.php, line 242
ExceptionRenderer::render() - CORE\Cake\Error\ExceptionRenderer.php, line 175
ErrorHandler::handleException() - CORE\Cake\Error\ErrorHandler.php, line 120
[main] - [internal], line ??

2015-05-01 02:03:24 Debug: Notice (8): Undefined variable: var_controller in [C:\xampp\htdocs\vivelle-wesley\app\View\Elements\leftpanel.ctp, line 119]
Trace:
include - APP\View\Elements\leftpanel.ctp, line 119
View::_evaluate() - CORE\Cake\View\View.php, line 929
View::_render() - CORE\Cake\View\View.php, line 891
View::_renderElement() - CORE\Cake\View\View.php, line 1189
View::element() - CORE\Cake\View\View.php, line 406
include - APP\View\Layouts\default.ctp, line 48
View::_evaluate() - CORE\Cake\View\View.php, line 929
View::_render() - CORE\Cake\View\View.php, line 891
View::renderLayout() - CORE\Cake\View\View.php, line 523
View::render() - CORE\Cake\View\View.php, line 468
Controller::render() - CORE\Cake\Controller\Controller.php, line 952
ExceptionRenderer::_outputMessage() - CORE\Cake\Error\ExceptionRenderer.php, line 273
ExceptionRenderer::error500() - CORE\Cake\Error\ExceptionRenderer.php, line 242
ExceptionRenderer::render() - CORE\Cake\Error\ExceptionRenderer.php, line 175
ErrorHandler::handleException() - CORE\Cake\Error\ErrorHandler.php, line 120
[main] - [internal], line ??

2015-05-01 02:03:24 Debug: Notice (8): Undefined variable: var_controller in [C:\xampp\htdocs\vivelle-wesley\app\View\Elements\leftpanel.ctp, line 121]
Trace:
include - APP\View\Elements\leftpanel.ctp, line 121
View::_evaluate() - CORE\Cake\View\View.php, line 929
View::_render() - CORE\Cake\View\View.php, line 891
View::_renderElement() - CORE\Cake\View\View.php, line 1189
View::element() - CORE\Cake\View\View.php, line 406
include - APP\View\Layouts\default.ctp, line 48
View::_evaluate() - CORE\Cake\View\View.php, line 929
View::_render() - CORE\Cake\View\View.php, line 891
View::renderLayout() - CORE\Cake\View\View.php, line 523
View::render() - CORE\Cake\View\View.php, line 468
Controller::render() - CORE\Cake\Controller\Controller.php, line 952
ExceptionRenderer::_outputMessage() - CORE\Cake\Error\ExceptionRenderer.php, line 273
ExceptionRenderer::error500() - CORE\Cake\Error\ExceptionRenderer.php, line 242
ExceptionRenderer::render() - CORE\Cake\Error\ExceptionRenderer.php, line 175
ErrorHandler::handleException() - CORE\Cake\Error\ErrorHandler.php, line 120
[main] - [internal], line ??

2015-05-01 02:03:24 Debug: Notice (8): Undefined variable: var_controller in [C:\xampp\htdocs\vivelle-wesley\app\View\Elements\leftpanel.ctp, line 158]
Trace:
include - APP\View\Elements\leftpanel.ctp, line 158
View::_evaluate() - CORE\Cake\View\View.php, line 929
View::_render() - CORE\Cake\View\View.php, line 891
View::_renderElement() - CORE\Cake\View\View.php, line 1189
View::element() - CORE\Cake\View\View.php, line 406
include - APP\View\Layouts\default.ctp, line 48
View::_evaluate() - CORE\Cake\View\View.php, line 929
View::_render() - CORE\Cake\View\View.php, line 891
View::renderLayout() - CORE\Cake\View\View.php, line 523
View::render() - CORE\Cake\View\View.php, line 468
Controller::render() - CORE\Cake\Controller\Controller.php, line 952
ExceptionRenderer::_outputMessage() - CORE\Cake\Error\ExceptionRenderer.php, line 273
ExceptionRenderer::error500() - CORE\Cake\Error\ExceptionRenderer.php, line 242
ExceptionRenderer::render() - CORE\Cake\Error\ExceptionRenderer.php, line 175
ErrorHandler::handleException() - CORE\Cake\Error\ErrorHandler.php, line 120
[main] - [internal], line ??

2015-05-01 02:03:24 Debug: Notice (8): Undefined variable: var_controller in [C:\xampp\htdocs\vivelle-wesley\app\View\Elements\leftpanel.ctp, line 160]
Trace:
include - APP\View\Elements\leftpanel.ctp, line 160
View::_evaluate() - CORE\Cake\View\View.php, line 929
View::_render() - CORE\Cake\View\View.php, line 891
View::_renderElement() - CORE\Cake\View\View.php, line 1189
View::element() - CORE\Cake\View\View.php, line 406
include - APP\View\Layouts\default.ctp, line 48
View::_evaluate() - CORE\Cake\View\View.php, line 929
View::_render() - CORE\Cake\View\View.php, line 891
View::renderLayout() - CORE\Cake\View\View.php, line 523
View::render() - CORE\Cake\View\View.php, line 468
Controller::render() - CORE\Cake\Controller\Controller.php, line 952
ExceptionRenderer::_outputMessage() - CORE\Cake\Error\ExceptionRenderer.php, line 273
ExceptionRenderer::error500() - CORE\Cake\Error\ExceptionRenderer.php, line 242
ExceptionRenderer::render() - CORE\Cake\Error\ExceptionRenderer.php, line 175
ErrorHandler::handleException() - CORE\Cake\Error\ErrorHandler.php, line 120
[main] - [internal], line ??

2015-05-01 02:03:24 Debug: Notice (8): Undefined variable: var_controller in [C:\xampp\htdocs\vivelle-wesley\app\View\Elements\leftpanel.ctp, line 198]
Trace:
include - APP\View\Elements\leftpanel.ctp, line 198
View::_evaluate() - CORE\Cake\View\View.php, line 929
View::_render() - CORE\Cake\View\View.php, line 891
View::_renderElement() - CORE\Cake\View\View.php, line 1189
View::element() - CORE\Cake\View\View.php, line 406
include - APP\View\Layouts\default.ctp, line 48
View::_evaluate() - CORE\Cake\View\View.php, line 929
View::_render() - CORE\Cake\View\View.php, line 891
View::renderLayout() - CORE\Cake\View\View.php, line 523
View::render() - CORE\Cake\View\View.php, line 468
Controller::render() - CORE\Cake\Controller\Controller.php, line 952
ExceptionRenderer::_outputMessage() - CORE\Cake\Error\ExceptionRenderer.php, line 273
ExceptionRenderer::error500() - CORE\Cake\Error\ExceptionRenderer.php, line 242
ExceptionRenderer::render() - CORE\Cake\Error\ExceptionRenderer.php, line 175
ErrorHandler::handleException() - CORE\Cake\Error\ErrorHandler.php, line 120
[main] - [internal], line ??

2015-05-01 02:03:24 Debug: Notice (8): Undefined variable: var_controller in [C:\xampp\htdocs\vivelle-wesley\app\View\Elements\leftpanel.ctp, line 200]
Trace:
include - APP\View\Elements\leftpanel.ctp, line 200
View::_evaluate() - CORE\Cake\View\View.php, line 929
View::_render() - CORE\Cake\View\View.php, line 891
View::_renderElement() - CORE\Cake\View\View.php, line 1189
View::element() - CORE\Cake\View\View.php, line 406
include - APP\View\Layouts\default.ctp, line 48
View::_evaluate() - CORE\Cake\View\View.php, line 929
View::_render() - CORE\Cake\View\View.php, line 891
View::renderLayout() - CORE\Cake\View\View.php, line 523
View::render() - CORE\Cake\View\View.php, line 468
Controller::render() - CORE\Cake\Controller\Controller.php, line 952
ExceptionRenderer::_outputMessage() - CORE\Cake\Error\ExceptionRenderer.php, line 273
ExceptionRenderer::error500() - CORE\Cake\Error\ExceptionRenderer.php, line 242
ExceptionRenderer::render() - CORE\Cake\Error\ExceptionRenderer.php, line 175
ErrorHandler::handleException() - CORE\Cake\Error\ErrorHandler.php, line 120
[main] - [internal], line ??

2015-05-01 02:03:24 Debug: Notice (8): Undefined variable: module_title in [C:\xampp\htdocs\vivelle-wesley\app\View\Layouts\default.ctp, line 62]
Trace:
include - APP\View\Layouts\default.ctp, line 62
View::_evaluate() - CORE\Cake\View\View.php, line 929
View::_render() - CORE\Cake\View\View.php, line 891
View::renderLayout() - CORE\Cake\View\View.php, line 523
View::render() - CORE\Cake\View\View.php, line 468
Controller::render() - CORE\Cake\Controller\Controller.php, line 952
ExceptionRenderer::_outputMessage() - CORE\Cake\Error\ExceptionRenderer.php, line 273
ExceptionRenderer::error500() - CORE\Cake\Error\ExceptionRenderer.php, line 242
ExceptionRenderer::render() - CORE\Cake\Error\ExceptionRenderer.php, line 175
ErrorHandler::handleException() - CORE\Cake\Error\ErrorHandler.php, line 120
[main] - [internal], line ??

2015-05-01 02:03:28 Debug: Notice (8): Undefined variable: module_title in [C:\xampp\htdocs\vivelle-wesley\app\View\Layouts\default.ctp, line 62]
Trace:
include - APP\View\Layouts\default.ctp, line 62
View::_evaluate() - CORE\Cake\View\View.php, line 929
View::_render() - CORE\Cake\View\View.php, line 891
View::renderLayout() - CORE\Cake\View\View.php, line 523
View::render() - CORE\Cake\View\View.php, line 468
Controller::render() - CORE\Cake\Controller\Controller.php, line 952
ExceptionRenderer::_outputMessage() - CORE\Cake\Error\ExceptionRenderer.php, line 273
ExceptionRenderer::error400() - CORE\Cake\Error\ExceptionRenderer.php, line 219
ExceptionRenderer::render() - CORE\Cake\Error\ExceptionRenderer.php, line 175
ErrorHandler::handleException() - CORE\Cake\Error\ErrorHandler.php, line 120
[main] - [internal], line ??

2015-05-01 02:03:29 Debug: Notice (8): Undefined variable: module_title in [C:\xampp\htdocs\vivelle-wesley\app\View\Layouts\default.ctp, line 62]
Trace:
include - APP\View\Layouts\default.ctp, line 62
View::_evaluate() - CORE\Cake\View\View.php, line 929
View::_render() - CORE\Cake\View\View.php, line 891
View::renderLayout() - CORE\Cake\View\View.php, line 523
View::render() - CORE\Cake\View\View.php, line 468
Controller::render() - CORE\Cake\Controller\Controller.php, line 952
ExceptionRenderer::_outputMessage() - CORE\Cake\Error\ExceptionRenderer.php, line 273
ExceptionRenderer::error400() - CORE\Cake\Error\ExceptionRenderer.php, line 219
ExceptionRenderer::render() - CORE\Cake\Error\ExceptionRenderer.php, line 175
ErrorHandler::handleException() - CORE\Cake\Error\ErrorHandler.php, line 120
[main] - [internal], line ??

2015-05-01 02:03:47 Debug: Notice (8): Undefined variable: module_title in [C:\xampp\htdocs\vivelle-wesley\app\View\Layouts\default.ctp, line 62]
Trace:
include - APP\View\Layouts\default.ctp, line 62
View::_evaluate() - CORE\Cake\View\View.php, line 929
View::_render() - CORE\Cake\View\View.php, line 891
View::renderLayout() - CORE\Cake\View\View.php, line 523
View::render() - CORE\Cake\View\View.php, line 468
Controller::render() - CORE\Cake\Controller\Controller.php, line 952
ExceptionRenderer::_outputMessage() - CORE\Cake\Error\ExceptionRenderer.php, line 273
ExceptionRenderer::error400() - CORE\Cake\Error\ExceptionRenderer.php, line 219
ExceptionRenderer::render() - CORE\Cake\Error\ExceptionRenderer.php, line 175
ErrorHandler::handleException() - CORE\Cake\Error\ErrorHandler.php, line 120
[main] - [internal], line ??

2015-05-01 02:03:48 Debug: Notice (8): Undefined variable: module_title in [C:\xampp\htdocs\vivelle-wesley\app\View\Layouts\default.ctp, line 62]
Trace:
include - APP\View\Layouts\default.ctp, line 62
View::_evaluate() - CORE\Cake\View\View.php, line 929
View::_render() - CORE\Cake\View\View.php, line 891
View::renderLayout() - CORE\Cake\View\View.php, line 523
View::render() - CORE\Cake\View\View.php, line 468
Controller::render() - CORE\Cake\Controller\Controller.php, line 952
ExceptionRenderer::_outputMessage() - CORE\Cake\Error\ExceptionRenderer.php, line 273
ExceptionRenderer::error400() - CORE\Cake\Error\ExceptionRenderer.php, line 219
ExceptionRenderer::render() - CORE\Cake\Error\ExceptionRenderer.php, line 175
ErrorHandler::handleException() - CORE\Cake\Error\ErrorHandler.php, line 120
[main] - [internal], line ??

2015-05-26 11:26:44 Debug: Notice (8): Undefined variable: module_title in [C:\xampp\htdocs\vivelle-wesley\app\View\Layouts\default.ctp, line 62]
Trace:
include - APP\View\Layouts\default.ctp, line 62
View::_evaluate() - CORE\Cake\View\View.php, line 929
View::_render() - CORE\Cake\View\View.php, line 891
View::renderLayout() - CORE\Cake\View\View.php, line 523
View::render() - CORE\Cake\View\View.php, line 468
Controller::render() - CORE\Cake\Controller\Controller.php, line 952
ExceptionRenderer::_outputMessage() - CORE\Cake\Error\ExceptionRenderer.php, line 273
ExceptionRenderer::error500() - CORE\Cake\Error\ExceptionRenderer.php, line 242
ExceptionRenderer::render() - CORE\Cake\Error\ExceptionRenderer.php, line 175
ErrorHandler::handleException() - CORE\Cake\Error\ErrorHandler.php, line 120
[main] - [internal], line ??

2015-05-26 11:27:04 Debug: Notice (8): Undefined variable: module_title in [C:\xampp\htdocs\vivelle-wesley\app\View\Layouts\default.ctp, line 62]
Trace:
include - APP\View\Layouts\default.ctp, line 62
View::_evaluate() - CORE\Cake\View\View.php, line 929
View::_render() - CORE\Cake\View\View.php, line 891
View::renderLayout() - CORE\Cake\View\View.php, line 523
View::render() - CORE\Cake\View\View.php, line 468
Controller::render() - CORE\Cake\Controller\Controller.php, line 952
ExceptionRenderer::_outputMessage() - CORE\Cake\Error\ExceptionRenderer.php, line 273
ExceptionRenderer::error500() - CORE\Cake\Error\ExceptionRenderer.php, line 242
ExceptionRenderer::render() - CORE\Cake\Error\ExceptionRenderer.php, line 175
ErrorHandler::handleException() - CORE\Cake\Error\ErrorHandler.php, line 120
[main] - [internal], line ??

